+R_.[StatemachineContext] -> BaseType [UNKNOWN]
--+R_.[TransitionTableContext] -> BaseType [UNKNOWN]
----T_.[transitions]
----T_.[elevator]
----+R_.[GuardedTransitionContext] -> BaseType [UNKNOWN]
------+R_.[OrContext] -> BaseType [UNKNOWN]
--------+R_.[AndContext] -> BaseType [UNKNOWN]
----------+R_.[InputContext] -> BaseType [UNKNOWN]
------------T_.[button2]
----------+R_.[InputContext] -> BaseType [UNKNOWN]
------------T_.[floor1]
----------T_.[AND]
--------+R_.[AndContext] -> BaseType [UNKNOWN]
----------+R_.[InputContext] -> BaseType [UNKNOWN]
------------T_.[button1]
----------+R_.[InputContext] -> BaseType [UNKNOWN]
------------T_.[floor2]
----------T_.[AND]
--------T_.[OR]
------T_.[:]
------+R_.[TransitionsContext] -> BaseType [UNKNOWN]
--------+R_.[TransitionContext] -> BaseType [UNKNOWN]
----------+R_.[StateContext] -> BaseType [UNKNOWN]
------------T_.[stop]
----------T_.[->]
----------+R_.[StateContext] -> BaseType [UNKNOWN]
------------T_.[start]
----+R_.[GuardedTransitionContext] -> BaseType [UNKNOWN]
------+R_.[OrContext] -> BaseType [UNKNOWN]
--------+R_.[AndContext] -> BaseType [UNKNOWN]
----------+R_.[InputContext] -> BaseType [UNKNOWN]
------------T_.[button1]
----------+R_.[InputContext] -> BaseType [UNKNOWN]
------------T_.[floor1]
----------T_.[AND]
--------+R_.[AndContext] -> BaseType [UNKNOWN]
----------+R_.[InputContext] -> BaseType [UNKNOWN]
------------T_.[button2]
----------+R_.[InputContext] -> BaseType [UNKNOWN]
------------T_.[floor2]
----------T_.[AND]
--------T_.[OR]
------T_.[:]
------+R_.[TransitionsContext] -> BaseType [UNKNOWN]
--------+R_.[TransitionContext] -> BaseType [UNKNOWN]
----------+R_.[StateContext] -> BaseType [UNKNOWN]
------------T_.[start]
----------T_.[->]
----------+R_.[StateContext] -> BaseType [UNKNOWN]
------------T_.[stop]
